"blank"			"=========================="
"blank"			"#Valve_Movement_Title"
"blank"			"=========================="
"+forward"		"#Valve_Move_Forward"
"+back"			"#Valve_Move_Back"
"+moveleft"		"#Valve_Move_Left"
"+moveright"	"#Valve_Move_Right"
"+jump"			"#Valve_Jump"
"+duck"			"#Valve_Duck"
"+moveup"		"#Valve_Swim_Up"
"+movedown"		"#Valve_Swim_Down"
"blank"			"=========================="
"blank"			"#Valve_Communication_Title"
"blank"			"=========================="
"+voicerecord"	"#Valve_Use_Voice_Communication"
"say"			"#Valve_Chat_Message"
"say_team"		"#Valve_Team_Message"
"voice_menu_1"	"#TF_Voice_Menu_A"
"voice_menu_2"	"#TF_Voice_Menu_B"
"voice_menu_3"	"#TF_Voice_Menu_C"
"voicemenu 0 0"	"#TF_Call_For_Medic"
"blank"			"=========================="
"blank"			"#TF_Title"
"blank"			"=========================="
"changeclass"	"#Valve_Change_Class"
"changeteam"	"#Valve_Change_Team"
"dropitem"		"#TF_DropFlag"
"taunt"			"#TF_Taunt"
"showmapinfo"	"#TF_MapInfo"
"showloadout" 	"#TF_Inventory"
"blank"			"=========================="
"blank"			"#TF_ClassSpecific_Keys"
"blank"			"=========================="
"+attack2"		"#TF_ClassSkill_Demoman"
"+attack2"		"#TF_ClassSkill_Heavy"
"+attack2"		"#TF_ClassSkill_Medic"
"+attack2"		"#TF_ClassSkill_Sniper"
"+attack2"		"#TF_ClassSkill_Spy"
"lastdisguise"	"#TF_ClassSkill_Spy_LastDisguise"
"disguiseteam"	"#TF_ClassSkill_Spy_DisguiseTeam"
"blank"			"=========================="
"blank"			"#Valve_Combat_Title"
"blank"			"=========================="
"+attack"		"#Valve_Primary_Attack"
"+reload"		"#Valve_Reload_Weapon"
"+use"			"#Valve_Use_Items"
"invprev"		"#Valve_Previous_Weapon"
"invnext"		"#Valve_Next_Weapon"
"lastinv"		"#Valve_Last_Weapon_Used"
"slot1"			"#Valve_Weapon_Category_1"
"slot2"			"#Valve_Weapon_Category_2"
"slot3" 		"#Valve_Weapon_Category_3"
"slot4"			"#Valve_Weapon_Category_4"
"slot5"			"#Valve_Weapon_Category_5"
"blank"			"=========================="
"blank"			"#Valve_Miscellaneous_Title"
"blank"			"=========================="
"impulse 201"	"#Valve_Spray_Logo"
"+showscores"	"#Valve_Display_Scores"
"screenshot"	"#Valve_Take_Screen_Shot"
"quit"			"#Valve_Quit_Game"
"toggleconsole"	"#Valve_Console_Toggle"
